0x03038000: 0b0000000000000000000000000010000000000000000000000000000000000000: 35559204: 0
0x03038010: 0b0000000000000000000000000000000000000000000000000000000000100000: 42579204: 0
0x03038020: 0b0000000000000000000000000010000000000000000000000000000000000000: 80643204: 0
0x03038030: 0b0000000000000000000000000000000000000000000000000000000000100000: 87663204: 0
0x03038040: 0b0000000000000000000000000010000000000000000000000000000000000000: 125727204: 0
0x03038050: 0b0000000000000000000000000000000000000000000000000000000000100000: 132747204: 0
0x03038060: 0b0000000000000000000000000010000000000000000000000000000000000000: 14561204: 1
0x03038070: 0b0000000000000000000000000000000000000000000000000000000000100000: 21581204: 1
0x03038080: 0b0000000000000000000000000010000000000000000000000000000000000000: 59645204: 1
0x03038090: 0b0000000000000000000000000000000000000000000000000000000000100000: 66665204: 1
0x030380A0: 0b0000000000000000000000000010000000000000000000000000000000000000: 104729204: 1
0x030380B0: 0b0000000000000000000000000000000000000000000000000000000000100000: 111749204: 1
0x030380C0: 0b0000000000000000000000000010000000000000000000000000000000000000: 149813204: 1
0x030380D0: 0b0000000000000000000000000000000000000000000000000000000000100000: 583204: 2
0x030380E0: 0b0000000000000000000000000010000000000000000000000000000000000000: 38647204: 2
0x030380F0: 0b0000000000000000000000000000000000000000000000000000000000100000: 45667204: 2
0x03038100: 0b0000000000000000000000000010000000000000000000000000000000000000: 83731204: 2
0x03038110: 0b0000000000000000000000000000000000000000000000000000000000100000: 90751204: 2
0x03038120: 0b0000000000000000000000000010000000000000000000000000000000000000: 128815204: 2
0x03038130: 0b0000000000000000000000000000000000000000000000000000000000100000: 135835204: 2
0x03038140: 0b0000000000000000000000000010000000000000000000000000000000000000: 17649204: 3
0x03038150: 0b0000000000000000000000000000000000000000000000000000000000100000: 24669204: 3
0x03038160: 0b0000000000000000000000000010000000000000000000000000000000000000: 62733204: 3
0x03038170: 0b0000000000000000000000000000000000000000000000000000000000100000: 69753204: 3
0x03038180: 0b0000000000000000000000000010000000000000000000000000000000000000: 107817204: 3
0x03038190: 0b0000000000000000000000000000000000000000000000000000000000100000: 114837204: 3
0x030381A0: 0b0000000000000000000000000010000000000000000000000000000000000000: 152901204: 3
0x030381B0: 0b0000000000000000000000000000000000000000000000000000000000100000: 3671204: 4
0x030381C0: 0b0000000000000000000000000010000000000000000000000000000000000000: 41735204: 4
0x030381D0: 0b0000000000000000000000000000000000000000000000000000000000100000: 48755204: 4
0x030381E0: 0b0000000000000000000000000010000000000000000000000000000000000000: 86819204: 4
0x030381F0: 0b0000000000000000000000000000000000000000000000000000000000100000: 93839204: 4
0x03038200: 0b0000000000000000000000000010000000000000000000000000000000000000: 131903204: 4
0x03038210: 0b0000000000000000000000000000000000000000000000000000000000100000: 138923204: 4
0x03038220: 0b0000000000000000000000000010000000000000000000000000000000000000: 20737204: 5
0x03038230: 0b0000000000000000000000000000000000000000000000000000000000100000: 27757204: 5
0x03038240: 0b0000000000000000000000000010000000000000000000000000000000000000: 65821204: 5
0x03038250: 0b0000000000000000000000000000000000000000000000000000000000100000: 72841204: 5
0x03038260: 0b0000000000000000000000000010000000000000000000000000000000000000: 110905204: 5
0x03038270: 0b0000000000000000000000000000000000000000000000000000000000100000: 117925204: 5
0x03038280: 0b0000000000000000000000000010000000000000000000000000000000000000: 155989204: 5
0x03038290: 0b0000000000000000000000000000000000000000000000000000000000100000: 6759204: 6
0x030382A0: 0b0000000000000000000000000010000000000000000000000000000000000000: 44823204: 6
0x030382B0: 0b0000000000000000000000000000000000000000000000000000000000100000: 51843204: 6
0x030382C0: 0b0000000000000000000000000010000000000000000000000000000000000000: 89907204: 6
0x030382D0: 0b0000000000000000000000000000000000000000000000000000000000100000: 96927204: 6
0x030382E0: 0b0000000000000000000000000010000000000000000000000000000000000000: 134991204: 6
0x030382F0: 0b0000000000000000000000000000000000000000000000000000000000100000: 142011204: 6
0x03038300: 0b0000000000000000000000000010000000000000000000000000000000000000: 23825204: 7
0x03038310: 0b0000000000000000000000000000000000000000000000000000000000100000: 30845204: 7
0x03038320: 0b0000000000000000000000000010000000000000000000000000000000000000: 68909204: 7
0x03038330: 0b0000000000000000000000000000000000000000000000000000000000100000: 75929204: 7
0x03038340: 0b0000000000000000000000000000000000000000000000100000000000000000: 82811924: 7
0x03038350: 0b0000000000000000000000000000000000000000010000000000000000000000: 82814196: 7
0x03038360: 0b0000000000000000000000000000000000000000100000000000000000000000: 82815470: 7
0x03038370: 0b0000000000000000000000000000000000000000000001000000000000000000: 82816796: 7
0x03038380: 0b0000000000000000000000000000000000000000000000100000000000000000: 85949084: 7
0x03038390: 0b0000000000000000000000000000000000000000001000000000000000000000: 87786152: 7
0x030383A0: 0b0000000000000000000000000000000000000000010000000000000000000000: 87786153: 7
0x030383B0: 0b0000000000000000000000000000000000000000000001000000000000000000: 87789072: 7
0x030383C0: 0b0000000000000000000000000000000000000000000000100000000000000000: 90843896: 7
0x030383D0: 0b0000000000000000000000000000000000000000000100000000000000000000: 92778152: 7
0x030383E0: 0b0000000000000000000000000000000000000000000000000010000000000000: 92933598: 7
0x030383F0: 0b0000000000000000000000000000000000000000000000000000000000000001: 92945638: 7
0x03038400: 0b0000000000000000000000001000000000000000000000000000000000000000: 92946908: 7
0x03038410: 0b0000000000000000000000000010000000000000000000000000000000000000: 113993204: 7
0x03038420: 0b0000000000000000000000000010000000000000000000000000000000000000: 2827204: 8
0x03038430: 0b0000000000000000000000000010000000000000000000000000000000000000: 47911204: 8
0x03038440: 0b0000000000000000000000000000000000000001000000000000000000000000: 89478187: 8
0x03038450: 0b0000000000000000000000000000000000000000000001000000000000000000: 89483560: 8
0x03038460: 0b0000000000000000000000000000000000000000000010000000000000000000: 89483561: 8
0x03038470: 0b0000000000000000000000000000000000000000000000000000000000000010: 89483572: 8
0x03038480: 0b0000000000000000000000000000000000000000000000000100000000000000: 89483573: 8
0x03038490: 0b0000000000000000000000010000000000000000000000000000000000000000: 89490116: 8
0x030384A0: 0b0000000000000000000000000010000000000000000000000000000000000000: 92995204: 8
0x030384B0: 0b0000000000000000000000000000000000000000000000000000000000100000: 136675204: 8
0x030384C0: 0b0000000000000000000000000010000000000000000000000000000000000000: 138079204: 8
0x030384D0: 0b0000000000000000000000000000000000000000000000000000000000100000: 25509204: 9
0x030384E0: 0b0000000000000000000000000010000000000000000000000000000000000000: 26913204: 9
0x030384F0: 0b0000000000000000000000000000000000000000000000000000000000100000: 70593204: 9
0x03038500: 0b0000000000000000000000000010000000000000000000000000000000000000: 71997204: 9
0x03038510: 0b0000000000000000000000000000000000000000000000000000000000100000: 115677204: 9
0x03038520: 0b0000000000000000000000000010000000000000000000000000000000000000: 117081204: 9
0x03038530: 0b0000000000000000000000000000000000000000000000000000000000100000: 4511204: 10
0x03038540: 0b0000000000000000000000000010000000000000000000000000000000000000: 5915204: 10
0x03038550: 0b0000000000000000000000000000000000000000010000000000000000000000: 125966490: 9
0x03038560: 0b0000000000000000000000000000000000000000000001000000000000000000: 125969001: 9
0x03038570: 0b0000000000000000000000000000000000000000100000000000000000000000: 125974576: 9
