Time: 0 second(s), 35559204 cycle(s), index 00
event binary: 0000000000000000000000000010000000000000000000000000000000000000
Time: 0 second(s), 42579204 cycle(s), index 10
event binary: 0000000000000000000000000000000000000000000000000000000000100000
Time: 0 second(s), 80643204 cycle(s), index 20
event binary: 0000000000000000000000000010000000000000000000000000000000000000
Time: 0 second(s), 87663204 cycle(s), index 30
event binary: 0000000000000000000000000000000000000000000000000000000000100000
Time: 0 second(s), 125727204 cycle(s), index 40
event binary: 0000000000000000000000000010000000000000000000000000000000000000
Time: 0 second(s), 132747204 cycle(s), index 50
event binary: 0000000000000000000000000000000000000000000000000000000000100000
Time: 1 second(s), 14561204 cycle(s), index 60
event binary: 0000000000000000000000000010000000000000000000000000000000000000
Time: 1 second(s), 21581204 cycle(s), index 70
event binary: 0000000000000000000000000000000000000000000000000000000000100000
Time: 1 second(s), 59645204 cycle(s), index 80
event binary: 0000000000000000000000000010000000000000000000000000000000000000
Time: 1 second(s), 66665204 cycle(s), index 90
event binary: 0000000000000000000000000000000000000000000000000000000000100000
Time: 1 second(s), 104729204 cycle(s), index A0
event binary: 0000000000000000000000000010000000000000000000000000000000000000
Time: 1 second(s), 111749204 cycle(s), index B0
event binary: 0000000000000000000000000000000000000000000000000000000000100000
Time: 1 second(s), 149813204 cycle(s), index C0
event binary: 0000000000000000000000000010000000000000000000000000000000000000
Time: 2 second(s), 583204 cycle(s), index D0
event binary: 0000000000000000000000000000000000000000000000000000000000100000
Time: 2 second(s), 38647204 cycle(s), index E0
event binary: 0000000000000000000000000010000000000000000000000000000000000000
Time: 2 second(s), 45667204 cycle(s), index F0
event binary: 0000000000000000000000000000000000000000000000000000000000100000
Time: 2 second(s), 83731204 cycle(s), index 00
event binary: 0000000000000000000000000010000000000000000000000000000000000000
Time: 2 second(s), 90751204 cycle(s), index 10
event binary: 0000000000000000000000000000000000000000000000000000000000100000
Time: 2 second(s), 128815204 cycle(s), index 20
event binary: 0000000000000000000000000010000000000000000000000000000000000000
Time: 2 second(s), 135835204 cycle(s), index 30
event binary: 0000000000000000000000000000000000000000000000000000000000100000
Time: 3 second(s), 17649204 cycle(s), index 40
event binary: 0000000000000000000000000010000000000000000000000000000000000000
Time: 3 second(s), 24669204 cycle(s), index 50
event binary: 0000000000000000000000000000000000000000000000000000000000100000
Time: 3 second(s), 62733204 cycle(s), index 60
event binary: 0000000000000000000000000010000000000000000000000000000000000000
Time: 3 second(s), 69753204 cycle(s), index 70
event binary: 0000000000000000000000000000000000000000000000000000000000100000
Time: 3 second(s), 107817204 cycle(s), index 80
event binary: 0000000000000000000000000010000000000000000000000000000000000000
Time: 3 second(s), 114837204 cycle(s), index 90
event binary: 0000000000000000000000000000000000000000000000000000000000100000
Time: 3 second(s), 152901204 cycle(s), index A0
event binary: 0000000000000000000000000010000000000000000000000000000000000000
Time: 4 second(s), 3671204 cycle(s), index B0
event binary: 0000000000000000000000000000000000000000000000000000000000100000
Time: 4 second(s), 41735204 cycle(s), index C0
event binary: 0000000000000000000000000010000000000000000000000000000000000000
Time: 4 second(s), 48755204 cycle(s), index D0
event binary: 0000000000000000000000000000000000000000000000000000000000100000
Time: 4 second(s), 86819204 cycle(s), index E0
event binary: 0000000000000000000000000010000000000000000000000000000000000000
Time: 4 second(s), 93839204 cycle(s), index F0
event binary: 0000000000000000000000000000000000000000000000000000000000100000
Time: 4 second(s), 131903204 cycle(s), index 00
event binary: 0000000000000000000000000010000000000000000000000000000000000000
Time: 4 second(s), 138923204 cycle(s), index 10
event binary: 0000000000000000000000000000000000000000000000000000000000100000
Time: 5 second(s), 20737204 cycle(s), index 20
event binary: 0000000000000000000000000010000000000000000000000000000000000000
Time: 5 second(s), 27757204 cycle(s), index 30
event binary: 0000000000000000000000000000000000000000000000000000000000100000
Time: 5 second(s), 65821204 cycle(s), index 40
event binary: 0000000000000000000000000010000000000000000000000000000000000000
Time: 5 second(s), 72841204 cycle(s), index 50
event binary: 0000000000000000000000000000000000000000000000000000000000100000
Time: 5 second(s), 110905204 cycle(s), index 60
event binary: 0000000000000000000000000010000000000000000000000000000000000000
Time: 5 second(s), 117925204 cycle(s), index 70
event binary: 0000000000000000000000000000000000000000000000000000000000100000
Time: 5 second(s), 155989204 cycle(s), index 80
event binary: 0000000000000000000000000010000000000000000000000000000000000000
Time: 6 second(s), 6759204 cycle(s), index 90
event binary: 0000000000000000000000000000000000000000000000000000000000100000
Time: 6 second(s), 44823204 cycle(s), index A0
event binary: 0000000000000000000000000010000000000000000000000000000000000000
Time: 6 second(s), 51843204 cycle(s), index B0
event binary: 0000000000000000000000000000000000000000000000000000000000100000
Time: 6 second(s), 89907204 cycle(s), index C0
event binary: 0000000000000000000000000010000000000000000000000000000000000000
Time: 6 second(s), 96927204 cycle(s), index D0
event binary: 0000000000000000000000000000000000000000000000000000000000100000
Time: 6 second(s), 134991204 cycle(s), index E0
event binary: 0000000000000000000000000010000000000000000000000000000000000000
Time: 6 second(s), 142011204 cycle(s), index F0
event binary: 0000000000000000000000000000000000000000000000000000000000100000
Time: 7 second(s), 23825204 cycle(s), index 00
event binary: 0000000000000000000000000010000000000000000000000000000000000000
Time: 7 second(s), 30845204 cycle(s), index 10
event binary: 0000000000000000000000000000000000000000000000000000000000100000
Time: 7 second(s), 68909204 cycle(s), index 20
event binary: 0000000000000000000000000010000000000000000000000000000000000000
Time: 7 second(s), 75929204 cycle(s), index 30
event binary: 0000000000000000000000000000000000000000000000000000000000100000
Time: 7 second(s), 82811924 cycle(s), index 40
event binary: 0000000000000000000000000000000000000000000000100000000000000000
flow 0: 17 evt_freqlock
Time: 7 second(s), 82814196 cycle(s), index 50
event binary: 0000000000000000000000000000000000000000010000000000000000000000
flow 0: 22 evt_ical_det_start
Time: 7 second(s), 82815470 cycle(s), index 60
event binary: 0000000000000000000000000000000000000000100000000000000000000000
flow 0: 23 MCPRI locking
Time: 7 second(s), 82816796 cycle(s), index 70
event binary: 0000000000000000000000000000000000000000000001000000000000000000
flow 0: 18 evt_frequnlock
Time: 7 second(s), 85949084 cycle(s), index 80
event binary: 0000000000000000000000000000000000000000000000100000000000000000
flow 0: 17 evt_freqlock
Time: 7 second(s), 87786152 cycle(s), index 90
event binary: 0000000000000000000000000000000000000000001000000000000000000000
flow 0: 21 evt_ical_det_ok
Time: 7 second(s), 87786153 cycle(s), index A0
event binary: 0000000000000000000000000000000000000000010000000000000000000000
flow 0: 22 evt_ical_det_start
Time: 7 second(s), 87789072 cycle(s), index B0
event binary: 0000000000000000000000000000000000000000000001000000000000000000
flow 0: 18 evt_frequnlock
Time: 7 second(s), 90843896 cycle(s), index C0
event binary: 0000000000000000000000000000000000000000000000100000000000000000
flow 0: 17 evt_freqlock
Time: 7 second(s), 92778152 cycle(s), index D0
event binary: 0000000000000000000000000000000000000000000100000000000000000000
flow 0: 20 evt_ical_sig_ok
Time: 7 second(s), 92933598 cycle(s), index E0
event binary: 0000000000000000000000000000000000000000000000000010000000000000
flow 0: 13 fec_adapt rx overflow
Time: 7 second(s), 92945638 cycle(s), index F0
event binary: 0000000000000000000000000000000000000000000000000000000000000001
flow 0: 0 Locking
Time: 7 second(s), 92946908 cycle(s), index 00
event binary: 0000000000000000000000001000000000000000000000000000000000000000
flow 1: 39 fec_adapt tx block lock enter
Time: 7 second(s), 113993204 cycle(s), index 10
event binary: 0000000000000000000000000010000000000000000000000000000000000000
Time: 8 second(s), 2827204 cycle(s), index 20
event binary: 0000000000000000000000000010000000000000000000000000000000000000
Time: 8 second(s), 47911204 cycle(s), index 30
event binary: 0000000000000000000000000010000000000000000000000000000000000000
Time: 8 second(s), 89478187 cycle(s), index 40
event binary: 0000000000000000000000000000000000000001000000000000000000000000
flow 0: 24 MCPRI unlocking
Time: 8 second(s), 89483560 cycle(s), index 50
event binary: 0000000000000000000000000000000000000000000001000000000000000000
flow 0: 18 evt_frequnlock
Time: 8 second(s), 89483561 cycle(s), index 60
event binary: 0000000000000000000000000000000000000000000010000000000000000000
flow 0: 19 evt_link_fail
Time: 8 second(s), 89483572 cycle(s), index 70
event binary: 0000000000000000000000000000000000000000000000000000000000000010
flow 0: 1 Unlocking
Time: 8 second(s), 89483573 cycle(s), index 80
event binary: 0000000000000000000000000000000000000000000000000100000000000000
flow 0: 14 fec_adapt rx overflow unlocking
Time: 8 second(s), 89490116 cycle(s), index 90
event binary: 0000000000000000000000010000000000000000000000000000000000000000
flow 1: 40 fec_adapt tx block lock leave
Time: 8 second(s), 92995204 cycle(s), index A0
event binary: 0000000000000000000000000010000000000000000000000000000000000000
Time: 8 second(s), 136675204 cycle(s), index B0
event binary: 0000000000000000000000000000000000000000000000000000000000100000
Time: 8 second(s), 138079204 cycle(s), index C0
event binary: 0000000000000000000000000010000000000000000000000000000000000000
Time: 9 second(s), 25509204 cycle(s), index D0
event binary: 0000000000000000000000000000000000000000000000000000000000100000
Time: 9 second(s), 26913204 cycle(s), index E0
event binary: 0000000000000000000000000010000000000000000000000000000000000000
Time: 9 second(s), 70593204 cycle(s), index F0
event binary: 0000000000000000000000000000000000000000000000000000000000100000
Time: 9 second(s), 71997204 cycle(s), index 00
event binary: 0000000000000000000000000010000000000000000000000000000000000000
Time: 9 second(s), 115677204 cycle(s), index 10
event binary: 0000000000000000000000000000000000000000000000000000000000100000
Time: 9 second(s), 117081204 cycle(s), index 20
event binary: 0000000000000000000000000010000000000000000000000000000000000000
Time: 10 second(s), 4511204 cycle(s), index 30
event binary: 0000000000000000000000000000000000000000000000000000000000100000
Time: 10 second(s), 5915204 cycle(s), index 40
event binary: 0000000000000000000000000010000000000000000000000000000000000000
Time: 9 second(s), 125966490 cycle(s), index 50
event binary: 0000000000000000000000000000000000000000010000000000000000000000
flow 0: 22 evt_ical_det_start
Time: 9 second(s), 125969001 cycle(s), index 60
event binary: 0000000000000000000000000000000000000000000001000000000000000000
flow 0: 18 evt_frequnlock
Time: 9 second(s), 125974576 cycle(s), index 70
event binary: 0000000000000000000000000000000000000000100000000000000000000000
flow 0: 23 MCPRI locking
